<?xml version="1.0" encoding="UTF-8"?>
<testng-results ignored="0" total="1" passed="1" failed="0" skipped="0">
  <reporter-output>
  </reporter-output>
  <suite started-at="2024-01-24T21:35:15 IST" name="e_banking_SDET" finished-at="2024-01-24T21:35:39 IST" duration-ms="24370">
    <groups>
    </groups>
    <test started-at="2024-01-24T21:35:15 IST" name="BankingApp Test" finished-at="2024-01-24T21:35:39 IST" duration-ms="24370">
      <class name="com.inetbanking.testCases.TC_LoginTest_001">
        <test-method is-config="true" signature="setup(java.lang.String)[pri:0, instance:com.inetbanking.testCases.TC_LoginTest_001@f202d6d]" started-at="2024-01-24T21:35:16 IST" name="setup" finished-at="2024-01-24T21:35:32 IST" duration-ms="16823" status="PASS">
          <params>
            <param index="0">
              <value>
                <![CDATA[chrome]]>
              </value>
            </param>
          </params>
          <reporter-output>
          </reporter-output>
        </test-method> <!-- setup -->
        <test-method signature="LoginTest()[pri:0, instance:com.inetbanking.testCases.TC_LoginTest_001@f202d6d]" started-at="2024-01-24T21:35:33 IST" name="LoginTest" description="Verify the login should be successful" finished-at="2024-01-24T21:35:38 IST" duration-ms="5650" status="PASS">
          <reporter-output>
          </reporter-output>
        </test-method> <!-- LoginTest -->
        <test-method is-config="true" signature="teardown()[pri:0, instance:com.inetbanking.testCases.TC_LoginTest_001@f202d6d]" started-at="2024-01-24T21:35:39 IST" name="teardown" finished-at="2024-01-24T21:35:39 IST" duration-ms="455" status="PASS">
          <reporter-output>
          </reporter-output>
        </test-method> <!-- teardown -->
      </class> <!-- com.inetbanking.testCases.TC_LoginTest_001 -->
    </test> <!-- BankingApp Test -->
  </suite> <!-- e_banking_SDET -->
</testng-results>
